app/build/outputs/mapping/release/seeds.txt
com.tglt.launcher.discreet.RecyclerAdapter$ApplicationView$3: android.content.Context val$context
com.tglt.launcher.discreet.R$styleable: int AnimatedStateListDrawableCompat_android_enterFadeDuration
com.tglt.launcher.discreet.R$styleable: int GradientColor_android_startX
com.tglt.launcher.discreet.R$drawable: int btn_checkbox_checked_mtrl
com.tglt.launcher.discreet.R$style: int RtlOverlay_Widget_AppCompat_SearchView_MagIcon
com.tglt.launcher.discreet.R$style: int Widget_AppCompat_CompoundButton_CheckBox
com.tglt.launcher.discreet.R$drawable: int abc_ic_search_api_material
com.tglt.launcher.discreet.R$styleable: int[] ColorStateListItem
com.tglt.launcher.discreet.ActivitySettings
com.tglt.launcher.discreet.R$drawable: int abc_ic_menu_overflow_material
com.tglt.launcher.discreet.R$attr: int dialogMessage
com.tglt.launcher.discreet.ActivityFavorites$RecyclerAdapter$FavoriteView
com.tglt.launcher.discreet.Constants: int COLUMNS_PORTRAIT
com.tglt.launcher.discreet.R$drawable: int abc_spinner_mtrl_am_alpha
com.tglt.launcher.discreet.R$dimen: int notification_right_side_padding_top
com.tglt.launcher.discreet.R$styleable: int Toolbar_titleMarginEnd
com.tglt.launcher.discreet.ActivityQuickBar$3
com.tglt.launcher.discreet.R$style: int Widget_AppCompat_PopupWindow
com.tglt.launcher.discreet.R$style: int Widget_AppCompat_DrawerArrowToggle
com.tglt.launcher.discreet.R$style: int Widget_AppCompat_ListView_Menu
com.tglt.launcher.discreet.R$xml: int settings_changelog
com.tglt.launcher.discreet.R$attr: int seekBarIncrement
com.tglt.launcher.discreet.R$styleable: int[] CheckBoxPreference
com.tglt.launcher.discreet.ActivitySettings: java.util.ArrayList iconPacks
com.tglt.launcher.discreet.R$style: int Widget_AppCompat_TextView_SpinnerItem
com.tglt.launcher.discreet.R$styleable: int AppCompatTheme_actionModeSelectAllDrawable
com.tglt.launcher.discreet.R$styleable: int AlertDialog_android_layout
com.tglt.launcher.discreet.R$styleable: int GradientColorItem_android_offset
com.tglt.launcher.discreet.R$drawable: int ic_logo
com.tglt.launcher.discreet.R$styleable: int[] DialogPreference
com.tglt.launcher.discreet.R$attr: int logoDescription
com.tglt.launcher.discreet.R$attr: int preferenceStyle
com.tglt.launcher.discreet.R$id: int progress_circular
com.tglt.launcher.discreet.R$attr: int alphabeticModifiers
com.tglt.launcher.discreet.R$id: int accessibility_custom_action_17
com.tglt.launcher.discreet.R$attr: int spinnerDropDownItemStyle
com.tglt.launcher.discreet.R$styleable: int AppCompatTheme_homeAsUpIndicator
com.tglt.launcher.discreet.R$id: int favorite_icon
com.tglt.launcher.discreet.ActivityFolders: void onClick(android.view.View)
com.tglt.launcher.discreet.R$color: int abc_tint_default
com.tglt.launcher.discreet.R$drawable: int abc_btn_radio_material_anim
com.tglt.launcher.discreet.R$styleable: int MenuItem_android_menuCategory
com.tglt.launcher.discreet.R$styleable: int DrawerArrowToggle_color
com.tglt.launcher.discreet.R$attr: int dropdownPreferenceStyle
com.tglt.launcher.discreet.R$color: int background_floating_material_dark
com.tglt.launcher.discreet.R$style: int Base_DialogWindowTitle_AppCompat
com.tglt.launcher.discreet.RecyclerAdapter$ApplicationView$3: com.tglt.launcher.discreet.RecyclerAdapter$ApplicationView this$1
com.tglt.launcher.discreet.R$style: int Base_TextAppearance_AppCompat_Widget_Button_Borderless_Colored
com.tglt.launcher.discreet.RecyclerAdapter$ApplicationView$3: com.tglt.launcher.discreet.core.Application val$application
com.tglt.launcher.discreet.R$dimen: int app_icon_size
com.tglt.launcher.discreet.R$style: int RtlOverlay_Widget_AppCompat_Search_DropDown_Icon2
com.tglt.launcher.discreet.R$style: int Base_Widget_AppCompat_ActionButton_CloseMode
com.tglt.launcher.discreet.R$attr: int titleTextColor
com.tglt.launcher.discreet.R$id: int tag_on_apply_window_listener
com.tglt.launcher.discreet.R$layout: R$layout()
com.tglt.launcher.discreet.R$styleable: int PopupWindow_android_popupBackground
...
androidx.appcompat.widget.AppCompatButton: int[] getAutoSizeTextAvailableSizes()
androidx.fragment.app.Fragment: void setAnimatingAway(android.view.View)
androidx.lifecycle.ReportFragment$LifecycleCallbacks: void onActivityStopped(android.app.Activity)
androidx.fragment.app.Fragment: void setExitSharedElementCallback(androidx.core.app.SharedElementCallback)
androidx.recyclerview.widget.ItemTouchHelper$Callback: boolean isLongPressDragEnabled()
androidx.appcompat.widget.AppCompatTextView: androidx.core.text.PrecomputedTextCompat$Params getTextMetricsParamsCompat()
androidx.appcompat.widget.AppCompatSpinner: void setAdapter(android.widget.Adapter)
androidx.appcompat.widget.Toolbar: void setCollapsible(boolean)
androidx.fragment.app.Fragment: java.lang.Object getEnterTransition()
androidx.recyclerview.widget.RecyclerView$ViewHolder: int mFlags
androidx.appcompat.app.AppCompatActivity: void supportNavigateUpTo(android.content.Intent)
androidx.recyclerview.widget.ItemTouchHelper$Callback: long DRAG_SCROLL_ACCELERATION_LIMIT_TIME_MS
androidx.appcompat.widget.ButtonBarLayout: void setAllowStacking(boolean)
androidx.appcompat.widget.AppCompatButton: void setSupportCompoundDrawablesTintMode(android.graphics.PorterDuff$Mode)
androidx.fragment.app.FragmentActivity: void onResumeFragments()
androidx.appcompat.widget.Toolbar: android.widget.TextView getTitleTextView()
androidx.recyclerview.widget.RecyclerView$ViewHolder: boolean mInChangeScrap
androidx.appcompat.widget.Toolbar: android.content.Context getPopupContext()
androidx.preference.PreferenceFragmentCompat: androidx.recyclerview.widget.RecyclerView$LayoutManager onCreateLayoutManager()
androidx.appcompat.widget.ActionBarOverlayLayout: void setActionBarHideOffset(int)
androidx.recyclerview.widget.RecyclerView$Adapter: void setHasStableIds(boolean)
androidx.savedstate.Recreator
androidx.fragment.app.Fragment: void postponeEnterTransition()
androidx.appcompat.widget.ActionBarContextView: java.lang.CharSequence getTitle()
androidx.recyclerview.widget.ItemTouchHelper$Callback: androidx.recyclerview.widget.RecyclerView$ViewHolder chooseDropTarget(androidx.recyclerview.widget.RecyclerView$ViewHolder,java.util.List,int,int)
androidx.recyclerview.widget.RecyclerView: void setAdapter(androidx.recyclerview.widget.RecyclerView$Adapter)
androidx.appcompat.widget.AppCompatSpinner: void setSupportBackgroundTintList(android.content.res.ColorStateList)
androidx.activity.ComponentActivity: void onBackPressed()
androidx.appcompat.widget.SwitchCompat: void setThumbResource(int)
androidx.appcompat.widget.AppCompatButton: void setSupportAllCaps(boolean)
androidx.appcompat.widget.SearchView: void setAppSearchData(android.os.Bundle)
androidx.fragment.app.Fragment: void performOptionsMenuClosed(android.view.Menu)
androidx.lifecycle.CompositeGeneratedAdaptersObserver
androidx.appcompat.widget.AppCompatEditText: void setBackgroundResource(int)
androidx.appcompat.widget.Toolbar: androidx.appcompat.widget.DecorToolbar getWrapper()
androidx.appcompat.widget.ActionBarContextView: java.lang.CharSequence getSubtitle()
androidx.fragment.app.Fragment: void unregisterForContextMenu(android.view.View)
androidx.fragment.app.Fragment: void onConfigurationChanged(android.content.res.Configuration)
androidx.recyclerview.widget.ItemTouchHelper$Callback: boolean hasDragFlag(androidx.recyclerview.widget.RecyclerView,androidx.recyclerview.widget.RecyclerView$ViewHolder)
androidx.preference.PreferenceFragmentCompat: void unbindPreferences()
androidx.appcompat.widget.AppCompatAutoCompleteTextView: void setSupportBackgroundTintMode(android.graphics.PorterDuff$Mode)
androidx.recyclerview.widget.RecyclerView$ViewHolder: boolean isBound()
androidx.recyclerview.widget.ItemTouchHelper$Callback: float getSwipeEscapeVelocity(float)
androidx.savedstate.SavedStateRegistry$1
androidx.appcompat.widget.AppCompatSpinner: java.lang.CharSequence getPrompt()
androidx.appcompat.widget.LinearLayoutCompat: int getDividerPadding()