app/build/outputs/mapping/release/mapping.txt
# compiler: R8
# compiler_version: 2.1.86
# min_api: 21
# pg_map_id: 88ef14a
# common_typos_disable
com.tglt.launcher.discreet.ActivityExportImport -> com.tglt.launcher.discreet.ActivityExportImport:
    1:1:java.util.ArrayList com.tglt.launcher.discreet.storage.ExternalFile.readAllLines(android.content.Context,android.net.Uri):0:0 -> readFromImportFile
    1:1:void readFromImportFile(android.net.Uri):0 -> readFromImportFile
    2:2:void readFromImportFile(android.net.Uri):0:0 -> readFromImportFile
    3:3:void com.tglt.launcher.discreet.storage.InternalFile.<init>(java.lang.String):0:0 -> readFromImportFile
    3:3:void com.tglt.launcher.discreet.storage.InternalFilePNG.<init>(java.lang.String):0 -> readFromImportFile
    3:3:void readFromImportFile(android.net.Uri):0 -> readFromImportFile
    4:4:void com.tglt.launcher.discreet.storage.InternalFilePNG.loadFromImport(java.lang.String):0:0 -> readFromImportFile
    4:4:void readFromImportFile(android.net.Uri):0 -> readFromImportFile
    5:5:boolean com.tglt.launcher.discreet.storage.InternalFilePNG.writeToFile(android.graphics.Bitmap):0:0 -> readFromImportFile
    5:5:void com.tglt.launcher.discreet.storage.InternalFilePNG.loadFromImport(java.lang.String):0 -> readFromImportFile
    5:5:void readFromImportFile(android.net.Uri):0 -> readFromImportFile
    6:6:void readFromImportFile(android.net.Uri):0:0 -> readFromImportFile
    1:1:java.lang.String[] com.tglt.launcher.discreet.storage.InternalFile.searchFilesStartingWith(android.content.Context,java.lang.String):0:0 -> writeToExportFile
com.tglt.launcher.discreet.ActivityFavorites -> com.tglt.launcher.discreet.ActivityFavorites:
    1:1:java.util.ArrayList com.tglt.launcher.discreet.core.ApplicationsList.getFavorites():0:0 -> displayFavoritesSelectionDialog
    1:1:void displayFavoritesSelectionDialog(android.view.View):0 -> displayFavoritesSelectionDialog
    2:2:void displayFavoritesSelectionDialog(android.view.View):0:0 -> displayFavoritesSelectionDialog
    3:3:java.lang.String com.tglt.launcher.discreet.core.Application.getDisplayName():0:0 -> displayFavoritesSelectionDialog
    3:3:void displayFavoritesSelectionDialog(android.view.View):0 -> displayFavoritesSelectionDialog
    4:4:void displayFavoritesSelectionDialog(android.view.View):0:0 -> displayFavoritesSelectionDialog
    5:5:java.lang.String com.tglt.launcher.discreet.core.Application.getName():0:0 -> displayFavoritesSelectionDialog
    5:5:void displayFavoritesSelectionDialog(android.view.View):0 -> displayFavoritesSelectionDialog
    6:6:void displayFavoritesSelectionDialog(android.view.View):0:0 -> displayFavoritesSelectionDialog
    7:7:androidx.appcompat.app.AlertDialog$Builder androidx.appcompat.app.AlertDialog$Builder.setTitle(java.lang.CharSequence):0:0 -> displayFavoritesSelectionDialog
    7:7:void displayFavoritesSelectionDialog(android.view.View):0 -> displayFavoritesSelectionDialog
    8:8:void displayFavoritesSelectionDialog(android.view.View):0:0 -> displayFavoritesSelectionDialog
com.tglt.launcher.discreet.ActivityFavorites$1 -> com.tglt.launcher.discreet.ActivityFavorites$1:
    1:1:void com.tglt.launcher.discreet.storage.InternalFile.<init>(java.lang.String):0:0 -> onClick
    1:1:void com.tglt.launcher.discreet.storage.InternalFileTXT.<init>(java.lang.String):0 -> onClick
    1:1:void onClick(android.view.View):0 -> onClick
    2:2:boolean com.tglt.launcher.discreet.storage.InternalFile.exists():0:0 -> onClick
    2:2:boolean com.tglt.launcher.discreet.storage.InternalFile.remove():0 -> onClick
    2:2:void onClick(android.view.View):0 -> onClick
    3:3:boolean com.tglt.launcher.discreet.storage.InternalFile.remove():0:0 -> onClick
    3:3:void onClick(android.view.View):0 -> onClick
com.tglt.launcher.discreet.ActivityFavorites$3 -> com.tglt.launcher.discreet.ActivityFavorites$3:
    1:1:java.lang.String com.tglt.launcher.discreet.core.Application.getName():0:0 -> onClick
    1:1:void onClick(android.content.DialogInterface,int):0 -> onClick
    2:2:void onClick(android.content.DialogInterface,int):0:0 -> onClick
...
androidx.appcompat.widget.ActionMenuView$OnMenuItemClickListener -> androidx.appcompat.widget.ActionMenuView$e:
androidx.appcompat.widget.ActivityChooserView$InnerLayout -> androidx.appcompat.widget.ActivityChooserView$InnerLayout:
    int[] TINT_ATTRS -> b
    1:1:androidx.appcompat.widget.TintTypedArray androidx.appcompat.widget.TintTypedArray.obtainStyledAttributes(android.content.Context,android.util.AttributeSet,int[]):0:0 -> <init>
    1:1:void <init>(android.content.Context,android.util.AttributeSet):0 -> <init>
    2:2:android.graphics.drawable.Drawable androidx.appcompat.widget.TintTypedArray.getDrawable(int):0:0 -> <init>
    2:2:void <init>(android.content.Context,android.util.AttributeSet):0 -> <init>
    3:3:void <init>(android.content.Context,android.util.AttributeSet):0:0 -> <init>
    4:4:void androidx.appcompat.widget.TintTypedArray.recycle():0:0 -> <init>
    4:4:void <init>(android.content.Context,android.util.AttributeSet):0 -> <init>
androidx.appcompat.widget.AlertDialogLayout -> androidx.appcompat.widget.AlertDialogLayout:
    1:1:int androidx.core.view.ViewCompat.getLayoutDirection(android.view.View):0:0 -> onLayout
    1:1:void onLayout(boolean,int,int,int,int):0 -> onLayout
    2:2:int androidx.core.view.GravityCompat.getAbsoluteGravity(int,int):0:0 -> onLayout
    2:2:void onLayout(boolean,int,int,int,int):0 -> onLayout
    3:3:void onLayout(boolean,int,int,int,int):0:0 -> onLayout
    4:4:void setChildFrame(android.view.View,int,int,int,int):0:0 -> onLayout
    4:4:void onLayout(boolean,int,int,int,int):0 -> onLayout
    5:5:void onLayout(boolean,int,int,int,int):0:0 -> onLayout
    1:1:boolean tryOnMeasure(int,int):0:0 -> onMeasure
    1:1:void onMeasure(int,int):0 -> onMeasure
    2:2:void forceUniformWidth(int,int):0:0 -> onMeasure
    2:2:boolean tryOnMeasure(int,int):0 -> onMeasure
    2:2:void onMeasure(int,int):0 -> onMeasure
    3:3:void onMeasure(int,int):0:0 -> onMeasure
    1:1:int androidx.core.view.ViewCompat.getMinimumHeight(android.view.View):0:0 -> p
    1:1:int resolveMinimumHeight(android.view.View):0 -> p
    2:2:int resolveMinimumHeight(android.view.View):0:0 -> p
androidx.appcompat.widget.AppCompatAutoCompleteTextView -> b.b.i.d:
    int[] TINT_ATTRS -> d
    androidx.appcompat.widget.AppCompatBackgroundHelper mBackgroundTintHelper -> b
    androidx.appcompat.widget.AppCompatTextHelper mTextHelper -> c
    1:1:void androidx.appcompat.widget.TintTypedArray.recycle():0:0 -> <init>
    1:1:void <init>(android.content.Context,android.util.AttributeSet,int):0 -> <init>
    2:2:void <init>(android.content.Context,android.util.AttributeSet,int):0:0 -> <init>