app/build/outputs/mapping/release/usage.txt
com.tglt.launcher.discreet.helper.FreeformHackHelper:
    public void setFreeformHackActive(boolean)
    public boolean isInFreeformWorkspace()
    public void setInFreeformWorkspace(boolean)
    public boolean isTouchAbsorberActive()
    public void setTouchAbsorberActive(boolean)
com.tglt.launcher.discreet.events.PrefManager:
    private static final java.lang.String PREF_NAME
    private static final java.lang.String IS_FIRST_TIME_LAUNCH
com.tglt.launcher.discreet.core.ApplicationsList$StartupTask:
    boolean isCompleted()
com.tglt.launcher.discreet.core.DefaultApps:
    public void <init>()
com.tglt.launcher.discreet.storage.ExternalFile:
    public void <init>()
com.tglt.launcher.discreet.events.U:
    private void <init>()
    public static void startFreeformHack(android.content.Context)
    public static void startFreeformHack(android.content.Context,boolean)
    public static android.graphics.Point getScreenDimensions(android.app.Activity)
    public static void startActivityLowerRight(android.content.Context,android.content.Intent)
    public static boolean launcherIsDefault(android.content.Context)
    private static int getSystemDimen(android.content.Context,java.lang.String)
    private static boolean isServiceRunning(android.content.Context,java.lang.String)
    private static android.app.ActivityOptions getActivityOptions(android.view.View)
    public static boolean isSystemApp(android.content.Context)
    public static boolean isAndroidTV(android.content.Context)
    public static float getBaseTaskbarSize(android.content.Context)
    public static float getBaseTaskbarSizeStart(android.content.Context)
    public static boolean isPlayStoreInstalled(android.content.Context)
    private static varargs java.lang.String getInstalledPackage(android.content.Context,java.lang.String[])
    private static java.lang.String getInstalledPackage(android.content.Context,java.util.List)
    public static java.lang.String getSystemProperty(java.lang.String)
    public static void applyOpenInNewWindow(android.content.Context,android.content.Intent)
    public static android.os.Handler newHandler()
com.tglt.launcher.discreet.core.ApplicationsList$4:
    public int compare(com.tglt.launcher.discreet.core.Folder,com.tglt.launcher.discreet.core.Folder)
    public final synthetic com.tglt.launcher.discreet.core.ApplicationsList this$0
com.tglt.launcher.discreet.storage.InternalFilePNG
com.tglt.launcher.discreet.events.ShortcutLegacyListener:
    public android.content.IntentFilter getFilter()
com.tglt.launcher.discreet.events.PackagesListener:
    public android.content.IntentFilter getFilter()
com.tglt.launcher.discreet.events.NotificationListener$1:
    public final synthetic com.tglt.launcher.discreet.events.NotificationListener this$0
com.tglt.launcher.discreet.events.MinuteListener:
    public android.content.IntentFilter getFilter()
com.tglt.launcher.discreet.core.Folder$ManageFoldersAccessor:
    public void <init>(com.tglt.launcher.discreet.core.Folder)
com.tglt.launcher.discreet.core.ApplicationsList$3:
    public int compare(com.tglt.launcher.discreet.core.Application,com.tglt.launcher.discreet.core.Application)
    public final synthetic com.tglt.launcher.discreet.core.ApplicationsList this$0
com.tglt.launcher.discreet.events.DisplayInfo:
    public int currentDensity
    public int defaultDensity
    public double density
com.tglt.launcher.discreet.storage.InternalFile:
    public static java.lang.String[] searchFilesStartingWith(android.content.Context,java.lang.String)
    public boolean rename(java.lang.String)
com.tglt.launcher.discreet.events.NotificationListener$2:
    public final synthetic com.tglt.launcher.discreet.events.NotificationListener this$0
com.tglt.launcher.discreet.core.Folder$1:
    public int compare(com.tglt.launcher.discreet.core.Application,com.tglt.launcher.discreet.core.Application)
    public final synthetic com.tglt.launcher.discreet.core.Folder this$0
...
androidx.viewpager.widget.ViewPager$OnPageChangeListener
androidx.fragment.app.FragmentLifecycleCallbacksDispatcher$FragmentLifecycleCallbacksHolder:
    void <init>(androidx.fragment.app.FragmentManager$FragmentLifecycleCallbacks,boolean)
androidx.core.app.SharedElementCallback$OnSharedElementsReadyListener:
    public abstract void onSharedElementsReady()
androidx.core.view.MenuCompat
androidx.core.view.MenuItemCompat:
    public static void setShowAsAction(android.view.MenuItem,int)
    public static android.view.MenuItem setActionView(android.view.MenuItem,android.view.View)
    public static android.view.MenuItem setActionView(android.view.MenuItem,int)
    public static android.view.View getActionView(android.view.MenuItem)
    public static androidx.core.view.ActionProvider getActionProvider(android.view.MenuItem)
    public static boolean expandActionView(android.view.MenuItem)
    public static boolean collapseActionView(android.view.MenuItem)
    public static boolean isActionViewExpanded(android.view.MenuItem)
    public static android.view.MenuItem setOnActionExpandListener(android.view.MenuItem,androidx.core.view.MenuItemCompat$OnActionExpandListener)
    public static java.lang.CharSequence getContentDescription(android.view.MenuItem)
    public static java.lang.CharSequence getTooltipText(android.view.MenuItem)
    public static void setShortcut(android.view.MenuItem,char,char,int,int)
    public static int getNumericModifiers(android.view.MenuItem)
    public static int getAlphabeticModifiers(android.view.MenuItem)
    public static android.content.res.ColorStateList getIconTintList(android.view.MenuItem)
    public static android.graphics.PorterDuff$Mode getIconTintMode(android.view.MenuItem)
    private void <init>()
    private static final java.lang.String TAG
    public static final int SHOW_AS_ACTION_NEVER
androidx.appcompat.app.ActionBar:
    public abstract void setCustomView(android.view.View)
    public abstract void setCustomView(android.view.View,androidx.appcompat.app.ActionBar$LayoutParams)
    public abstract void setCustomView(int)
    public abstract void setIcon(int)
    public abstract void setIcon(android.graphics.drawable.Drawable)
    public abstract void setLogo(int)
    public abstract void setLogo(android.graphics.drawable.Drawable)
    public abstract void setListNavigationCallbacks(android.widget.SpinnerAdapter,androidx.appcompat.app.ActionBar$OnNavigationListener)
    public abstract void setSelectedNavigationItem(int)
    public abstract int getSelectedNavigationIndex()
    public abstract int getNavigationItemCount()
    public abstract void setTitle(java.lang.CharSequence)
    public abstract void setTitle(int)
    public abstract void setSubtitle(java.lang.CharSequence)
    public abstract void setSubtitle(int)
    public abstract void setDisplayOptions(int)
    public abstract void setDisplayOptions(int,int)
    public abstract void setDisplayUseLogoEnabled(boolean)
    public abstract void setDisplayShowHomeEnabled(boolean)
    public abstract void setDisplayHomeAsUpEnabled(boolean)
    public abstract void setDisplayShowTitleEnabled(boolean)
    public abstract void setDisplayShowCustomEnabled(boolean)
    public abstract void setBackgroundDrawable(android.graphics.drawable.Drawable)
androidx.loader.content.Loader$OnLoadCompleteListener:
    public abstract void onLoadComplete(androidx.loader.content.Loader,java.lang.Object)
androidx.core.view.GestureDetectorCompat$GestureDetectorCompatImplBase:
    public void setIsLongpressEnabled(boolean)
    public boolean isLongpressEnabled()
    private static final int SHOW_PRESS
    private static final int LONG_PRESS
    private static final int TAP
androidx.appcompat.widget.ResourceManagerInternal:
    private static final java.lang.String TAG
    private static final boolean DEBUG
    private static final java.lang.String SKIP_DRAWABLE_TAG
    private static final java.lang.String PLATFORM_VD_CLAZZ